[debug] [2024-11-13T01:33:21.332Z] ----------------------------------------------------------------------
[debug] [2024-11-13T01:33:21.335Z] Command:       C:\Program Files\nodejs\node.exe C:\Users\ASUS\AppData\Roaming\npm\node_modules\firebase-tools\lib\bin\firebase.js init hosting:github
[debug] [2024-11-13T01:33:21.336Z] CLI Version:   13.24.2
[debug] [2024-11-13T01:33:21.336Z] Platform:      win32
[debug] [2024-11-13T01:33:21.336Z] Node Version:  v20.18.0
[debug] [2024-11-13T01:33:21.336Z] Time:          Tue Nov 12 2024 20:33:21 GMT-0500 (hora estándar de Colombia)
[debug] [2024-11-13T01:33:21.336Z] ----------------------------------------------------------------------
[debug] 
[debug] [2024-11-13T01:33:21.425Z] > command requires scopes: ["email","openid","https://www.googleapis.com/auth/cloudplatformprojects.readonly","https://www.googleapis.com/auth/firebase","https://www.googleapis.com/auth/cloud-platform"]
[debug] [2024-11-13T01:33:21.426Z] > authorizing via signed-in user (valentinasulez38@gmail.com)
[info] 
     ######## #### ########  ######## ########     ###     ######  ########
     ##        ##  ##     ## ##       ##     ##  ##   ##  ##       ##
     ######    ##  ########  ######   ########  #########  ######  ######
     ##        ##  ##    ##  ##       ##     ## ##     ##       ## ##
     ##       #### ##     ## ######## ########  ##     ##  ######  ########

You're about to initialize a Firebase project in this directory:

  C:\Users\ASUS\Documents\ota

Before we get started, keep in mind:

  * You are initializing within an existing Firebase project directory

[info] 
=== Project Setup
[info] 
[info] First, let's associate this project directory with a Firebase project.
[info] You can create multiple project aliases by running firebase use --add, 
[info] but for now we'll just set up a default project.
[info] 
[debug] [2024-11-13T01:33:25.385Z] Using project from CLI flag: ota-esp32-project
[debug] [2024-11-13T01:33:25.387Z] Checked if tokens are valid: true, expires at: 1731464837818
[debug] [2024-11-13T01:33:25.387Z] Checked if tokens are valid: true, expires at: 1731464837818
[debug] [2024-11-13T01:33:25.389Z] >>> [apiv2][query] GET https://firebase.googleapis.com/v1beta1/projects/ota-esp32-project [none]
[debug] [2024-11-13T01:33:27.551Z] <<< [apiv2][status] GET https://firebase.googleapis.com/v1beta1/projects/ota-esp32-project 200
[debug] [2024-11-13T01:33:27.551Z] <<< [apiv2][body] GET https://firebase.googleapis.com/v1beta1/projects/ota-esp32-project {"projectId":"ota-esp32-project","projectNumber":"230560791374","displayName":"ota-esp32-project","name":"projects/ota-esp32-project","resources":{"hostingSite":"ota-esp32-project"},"state":"ACTIVE","etag":"1_b8d63450-0cc5-415e-b79a-0678f5f127bd"}
[info] i  Using project ota-esp32-project (ota-esp32-project) 
[info] 
=== Hosting:github Setup
[info] 
[info] i  Didn't detect a .git folder. Assuming C:\Users\ASUS\Documents\ota is the project root. 
[info] i  Authorizing with GitHub to upload your service account to a GitHub repository's secrets store. 
[info] 
[info] Visit this URL on this device to log in:
[info] https://github.com/login/oauth/authorize?client_id=89cf50f02ac6aaed3484&state=891791355&redirect_uri=http%3A%2F%2Flocalhost%3A9005&scope=read%3Auser%20repo%20public_repo
[info] 
[info] Waiting for authentication...
